
> zenitsu-portfolio@0.1.0 build
> next build

 ⚠ You are using a non-standard "NODE_ENV" value in your environment. This creates inconsistencies in the project and is strongly advised against. Read more: https://nextjs.org/docs/messages/non-standard-node-env
  ▲ Next.js 14.2.15
  - Environments: .env.local

   Creating an optimized production build ...
 ✓ Compiled successfully
   Linting and checking validity of types ...
   Collecting page data ...
   Generating static pages (0/7) ...
Error: <Html> should not be imported outside of pages/_document.
Read more: https://nextjs.org/docs/messages/no-document-import-in-page
    at Q (C:\Users\HP\Desktop\Jatin-Portfolio\zenitsu-portfolio\node_modules\next\dist\compiled\next-server\pages.runtime.prod.js:16:5430)
    at I (C:\Users\HP\Desktop\Jatin-Portfolio\zenitsu-portfolio\.next\server\chunks\161.js:6:1263)
    at renderWithHooks (C:\Users\HP\Desktop\Jatin-Portfolio\zenitsu-portfolio\node_modules\react-dom\cjs\react-dom-server.browser.development.js:5658:16)
    at renderIndeterminateComponent (C:\Users\HP\Desktop\Jatin-Portfolio\zenitsu-portfolio\node_modules\react-dom\cjs\react-dom-server.browser.development.js:5732:15)
    at renderElement (C:\Users\HP\Desktop\Jatin-Portfolio\zenitsu-portfolio\node_modules\react-dom\cjs\react-dom-server.browser.development.js:5957:7)
    at renderNodeDestructiveImpl (C:\Users\HP\Desktop\Jatin-Portfolio\zenitsu-portfolio\node_modules\react-dom\cjs\react-dom-server.browser.development.js:6115:11)
    at renderNodeDestructive (C:\Users\HP\Desktop\Jatin-Portfolio\zenitsu-portfolio\node_modules\react-dom\cjs\react-dom-server.browser.development.js:6087:14)
    at finishClassComponent (C:\Users\HP\Desktop\Jatin-Portfolio\zenitsu-portfolio\node_modules\react-dom\cjs\react-dom-server.browser.development.js:5688:3)
    at renderClassComponent (C:\Users\HP\Desktop\Jatin-Portfolio\zenitsu-portfolio\node_modules\react-dom\cjs\react-dom-server.browser.development.js:5696:3)
    at renderElement (C:\Users\HP\Desktop\Jatin-Portfolio\zenitsu-portfolio\node_modules\react-dom\cjs\react-dom-server.browser.development.js:5954:7)

Error occurred prerendering page "/500". Read more: https://nextjs.org/docs/messages/prerender-error

Error: <Html> should not be imported outside of pages/_document.
Read more: https://nextjs.org/docs/messages/no-document-import-in-page
    at Q (C:\Users\HP\Desktop\Jatin-Portfolio\zenitsu-portfolio\node_modules\next\dist\compiled\next-server\pages.runtime.prod.js:16:5430)
    at I (C:\Users\HP\Desktop\Jatin-Portfolio\zenitsu-portfolio\.next\server\chunks\161.js:6:1263)
    at renderWithHooks (C:\Users\HP\Desktop\Jatin-Portfolio\zenitsu-portfolio\node_modules\react-dom\cjs\react-dom-server.browser.development.js:5658:16)
    at renderIndeterminateComponent (C:\Users\HP\Desktop\Jatin-Portfolio\zenitsu-portfolio\node_modules\react-dom\cjs\react-dom-server.browser.development.js:5732:15)
    at renderElement (C:\Users\HP\Desktop\Jatin-Portfolio\zenitsu-portfolio\node_modules\react-dom\cjs\react-dom-server.browser.development.js:5957:7)
    at renderNodeDestructiveImpl (C:\Users\HP\Desktop\Jatin-Portfolio\zenitsu-portfolio\node_modules\react-dom\cjs\react-dom-server.browser.development.js:6115:11)
    at renderNodeDestructive (C:\Users\HP\Desktop\Jatin-Portfolio\zenitsu-portfolio\node_modules\react-dom\cjs\react-dom-server.browser.development.js:6087:14)
    at finishClassComponent (C:\Users\HP\Desktop\Jatin-Portfolio\zenitsu-portfolio\node_modules\react-dom\cjs\react-dom-server.browser.development.js:5688:3)
    at renderClassComponent (C:\Users\HP\Desktop\Jatin-Portfolio\zenitsu-portfolio\node_modules\react-dom\cjs\react-dom-server.browser.development.js:5696:3)
    at renderElement (C:\Users\HP\Desktop\Jatin-Portfolio\zenitsu-portfolio\node_modules\react-dom\cjs\react-dom-server.browser.development.js:5954:7)
   Generating static pages (1/7) 
TypeError: Cannot read properties of null (reading 'useContext')
    at t.useContext (C:\Users\HP\Desktop\Jatin-Portfolio\zenitsu-portfolio\node_modules\next\dist\compiled\next-server\app-page.runtime.prod.js:12:109363)
    at d (C:\Users\HP\Desktop\Jatin-Portfolio\zenitsu-portfolio\.next\server\chunks\857.js:1:23757)
    at p (C:\Users\HP\Desktop\Jatin-Portfolio\zenitsu-portfolio\.next\server\chunks\857.js:1:15692)
    at au (C:\Users\HP\Desktop\Jatin-Portfolio\zenitsu-portfolio\node_modules\next\dist\compiled\next-server\app-page.runtime.dev.js:35:10446)
    at C:\Users\HP\Desktop\Jatin-Portfolio\zenitsu-portfolio\node_modules\next\dist\compiled\next-server\app-page.runtime.dev.js:35:15122
    at aw (C:\Users\HP\Desktop\Jatin-Portfolio\zenitsu-portfolio\node_modules\next\dist\compiled\next-server\app-page.runtime.dev.js:35:16908)
    at a_ (C:\Users\HP\Desktop\Jatin-Portfolio\zenitsu-portfolio\node_modules\next\dist\compiled\next-server\app-page.runtime.dev.js:35:49776)
    at ab (C:\Users\HP\Desktop\Jatin-Portfolio\zenitsu-portfolio\node_modules\next\dist\compiled\next-server\app-page.runtime.dev.js:35:11808)
    at C:\Users\HP\Desktop\Jatin-Portfolio\zenitsu-portfolio\node_modules\next\dist\compiled\next-server\app-page.runtime.dev.js:35:16871
    at aw (C:\Users\HP\Desktop\Jatin-Portfolio\zenitsu-portfolio\node_modules\next\dist\compiled\next-server\app-page.runtime.dev.js:35:16908) {
  digest: '3319324908'
}
TypeError: Cannot read properties of null (reading 'useContext')
    at t.useContext (C:\Users\HP\Desktop\Jatin-Portfolio\zenitsu-portfolio\node_modules\next\dist\compiled\next-server\app-page.runtime.prod.js:12:109363)
    at d (C:\Users\HP\Desktop\Jatin-Portfolio\zenitsu-portfolio\.next\server\chunks\857.js:1:23757)
    at p (C:\Users\HP\Desktop\Jatin-Portfolio\zenitsu-portfolio\.next\server\chunks\857.js:1:15692)
    at au (C:\Users\HP\Desktop\Jatin-Portfolio\zenitsu-portfolio\node_modules\next\dist\compiled\next-server\app-page.runtime.dev.js:35:10446)
    at C:\Users\HP\Desktop\Jatin-Portfolio\zenitsu-portfolio\node_modules\next\dist\compiled\next-server\app-page.runtime.dev.js:35:15122
    at aw (C:\Users\HP\Desktop\Jatin-Portfolio\zenitsu-portfolio\node_modules\next\dist\compiled\next-server\app-page.runtime.dev.js:35:16908)
    at a_ (C:\Users\HP\Desktop\Jatin-Portfolio\zenitsu-portfolio\node_modules\next\dist\compiled\next-server\app-page.runtime.dev.js:35:49776)
    at ab (C:\Users\HP\Desktop\Jatin-Portfolio\zenitsu-portfolio\node_modules\next\dist\compiled\next-server\app-page.runtime.dev.js:35:11808)
    at C:\Users\HP\Desktop\Jatin-Portfolio\zenitsu-portfolio\node_modules\next\dist\compiled\next-server\app-page.runtime.dev.js:35:16871
    at aw (C:\Users\HP\Desktop\Jatin-Portfolio\zenitsu-portfolio\node_modules\next\dist\compiled\next-server\app-page.runtime.dev.js:35:16908)

Error occurred prerendering page "/". Read more: https://nextjs.org/docs/messages/prerender-error

TypeError: Cannot read properties of null (reading 'useContext')
    at t.useContext (C:\Users\HP\Desktop\Jatin-Portfolio\zenitsu-portfolio\node_modules\next\dist\compiled\next-server\app-page.runtime.prod.js:12:109363)
    at d (C:\Users\HP\Desktop\Jatin-Portfolio\zenitsu-portfolio\.next\server\chunks\857.js:1:23757)
    at p (C:\Users\HP\Desktop\Jatin-Portfolio\zenitsu-portfolio\.next\server\chunks\857.js:1:15692)
    at au (C:\Users\HP\Desktop\Jatin-Portfolio\zenitsu-portfolio\node_modules\next\dist\compiled\next-server\app-page.runtime.dev.js:35:10446)
    at C:\Users\HP\Desktop\Jatin-Portfolio\zenitsu-portfolio\node_modules\next\dist\compiled\next-server\app-page.runtime.dev.js:35:15122
    at aw (C:\Users\HP\Desktop\Jatin-Portfolio\zenitsu-portfolio\node_modules\next\dist\compiled\next-server\app-page.runtime.dev.js:35:16908)
    at a_ (C:\Users\HP\Desktop\Jatin-Portfolio\zenitsu-portfolio\node_modules\next\dist\compiled\next-server\app-page.runtime.dev.js:35:49776)
    at ab (C:\Users\HP\Desktop\Jatin-Portfolio\zenitsu-portfolio\node_modules\next\dist\compiled\next-server\app-page.runtime.dev.js:35:11808)
    at C:\Users\HP\Desktop\Jatin-Portfolio\zenitsu-portfolio\node_modules\next\dist\compiled\next-server\app-page.runtime.dev.js:35:16871
    at aw (C:\Users\HP\Desktop\Jatin-Portfolio\zenitsu-portfolio\node_modules\next\dist\compiled\next-server\app-page.runtime.dev.js:35:16908)
TypeError: Cannot read properties of null (reading 'useContext')
    at t.useContext (C:\Users\HP\Desktop\Jatin-Portfolio\zenitsu-portfolio\node_modules\next\dist\compiled\next-server\app-page.runtime.prod.js:12:109363)
    at d (C:\Users\HP\Desktop\Jatin-Portfolio\zenitsu-portfolio\.next\server\chunks\857.js:1:23757)
    at p (C:\Users\HP\Desktop\Jatin-Portfolio\zenitsu-portfolio\.next\server\chunks\857.js:1:15692)
    at au (C:\Users\HP\Desktop\Jatin-Portfolio\zenitsu-portfolio\node_modules\next\dist\compiled\next-server\app-page.runtime.dev.js:35:10446)
    at C:\Users\HP\Desktop\Jatin-Portfolio\zenitsu-portfolio\node_modules\next\dist\compiled\next-server\app-page.runtime.dev.js:35:15122
    at aw (C:\Users\HP\Desktop\Jatin-Portfolio\zenitsu-portfolio\node_modules\next\dist\compiled\next-server\app-page.runtime.dev.js:35:16908)
    at a_ (C:\Users\HP\Desktop\Jatin-Portfolio\zenitsu-portfolio\node_modules\next\dist\compiled\next-server\app-page.runtime.dev.js:35:49776)
    at ab (C:\Users\HP\Desktop\Jatin-Portfolio\zenitsu-portfolio\node_modules\next\dist\compiled\next-server\app-page.runtime.dev.js:35:11808)
    at C:\Users\HP\Desktop\Jatin-Portfolio\zenitsu-portfolio\node_modules\next\dist\compiled\next-server\app-page.runtime.dev.js:35:16871
    at aw (C:\Users\HP\Desktop\Jatin-Portfolio\zenitsu-portfolio\node_modules\next\dist\compiled\next-server\app-page.runtime.dev.js:35:16908) {
  digest: '3319324908'
}
TypeError: Cannot read properties of null (reading 'useContext')
    at t.useContext (C:\Users\HP\Desktop\Jatin-Portfolio\zenitsu-portfolio\node_modules\next\dist\compiled\next-server\app-page.runtime.prod.js:12:109363)
    at d (C:\Users\HP\Desktop\Jatin-Portfolio\zenitsu-portfolio\.next\server\chunks\857.js:1:23757)
    at p (C:\Users\HP\Desktop\Jatin-Portfolio\zenitsu-portfolio\.next\server\chunks\857.js:1:15692)
    at au (C:\Users\HP\Desktop\Jatin-Portfolio\zenitsu-portfolio\node_modules\next\dist\compiled\next-server\app-page.runtime.dev.js:35:10446)
    at C:\Users\HP\Desktop\Jatin-Portfolio\zenitsu-portfolio\node_modules\next\dist\compiled\next-server\app-page.runtime.dev.js:35:15122
    at aw (C:\Users\HP\Desktop\Jatin-Portfolio\zenitsu-portfolio\node_modules\next\dist\compiled\next-server\app-page.runtime.dev.js:35:16908)
    at a_ (C:\Users\HP\Desktop\Jatin-Portfolio\zenitsu-portfolio\node_modules\next\dist\compiled\next-server\app-page.runtime.dev.js:35:49776)
    at ab (C:\Users\HP\Desktop\Jatin-Portfolio\zenitsu-portfolio\node_modules\next\dist\compiled\next-server\app-page.runtime.dev.js:35:11808)
    at C:\Users\HP\Desktop\Jatin-Portfolio\zenitsu-portfolio\node_modules\next\dist\compiled\next-server\app-page.runtime.dev.js:35:16871
    at aw (C:\Users\HP\Desktop\Jatin-Portfolio\zenitsu-portfolio\node_modules\next\dist\compiled\next-server\app-page.runtime.dev.js:35:16908)

Error occurred prerendering page "/contact". Read more: https://nextjs.org/docs/messages/prerender-error

TypeError: Cannot read properties of null (reading 'useContext')
    at t.useContext (C:\Users\HP\Desktop\Jatin-Portfolio\zenitsu-portfolio\node_modules\next\dist\compiled\next-server\app-page.runtime.prod.js:12:109363)
    at d (C:\Users\HP\Desktop\Jatin-Portfolio\zenitsu-portfolio\.next\server\chunks\857.js:1:23757)
    at p (C:\Users\HP\Desktop\Jatin-Portfolio\zenitsu-portfolio\.next\server\chunks\857.js:1:15692)
    at au (C:\Users\HP\Desktop\Jatin-Portfolio\zenitsu-portfolio\node_modules\next\dist\compiled\next-server\app-page.runtime.dev.js:35:10446)
    at C:\Users\HP\Desktop\Jatin-Portfolio\zenitsu-portfolio\node_modules\next\dist\compiled\next-server\app-page.runtime.dev.js:35:15122
    at aw (C:\Users\HP\Desktop\Jatin-Portfolio\zenitsu-portfolio\node_modules\next\dist\compiled\next-server\app-page.runtime.dev.js:35:16908)
    at a_ (C:\Users\HP\Desktop\Jatin-Portfolio\zenitsu-portfolio\node_modules\next\dist\compiled\next-server\app-page.runtime.dev.js:35:49776)
    at ab (C:\Users\HP\Desktop\Jatin-Portfolio\zenitsu-portfolio\node_modules\next\dist\compiled\next-server\app-page.runtime.dev.js:35:11808)
    at C:\Users\HP\Desktop\Jatin-Portfolio\zenitsu-portfolio\node_modules\next\dist\compiled\next-server\app-page.runtime.dev.js:35:16871
    at aw (C:\Users\HP\Desktop\Jatin-Portfolio\zenitsu-portfolio\node_modules\next\dist\compiled\next-server\app-page.runtime.dev.js:35:16908)
   Generating static pages (3/7) 
TypeError: Cannot read properties of null (reading 'useContext')
    at t.useContext (C:\Users\HP\Desktop\Jatin-Portfolio\zenitsu-portfolio\node_modules\next\dist\compiled\next-server\app-page.runtime.prod.js:12:109363)
    at d (C:\Users\HP\Desktop\Jatin-Portfolio\zenitsu-portfolio\.next\server\chunks\857.js:1:23757)
    at p (C:\Users\HP\Desktop\Jatin-Portfolio\zenitsu-portfolio\.next\server\chunks\857.js:1:15692)
    at au (C:\Users\HP\Desktop\Jatin-Portfolio\zenitsu-portfolio\node_modules\next\dist\compiled\next-server\app-page.runtime.dev.js:35:10446)
    at C:\Users\HP\Desktop\Jatin-Portfolio\zenitsu-portfolio\node_modules\next\dist\compiled\next-server\app-page.runtime.dev.js:35:15122
    at aw (C:\Users\HP\Desktop\Jatin-Portfolio\zenitsu-portfolio\node_modules\next\dist\compiled\next-server\app-page.runtime.dev.js:35:16908)
    at a_ (C:\Users\HP\Desktop\Jatin-Portfolio\zenitsu-portfolio\node_modules\next\dist\compiled\next-server\app-page.runtime.dev.js:35:49776)
    at ab (C:\Users\HP\Desktop\Jatin-Portfolio\zenitsu-portfolio\node_modules\next\dist\compiled\next-server\app-page.runtime.dev.js:35:11808)
    at C:\Users\HP\Desktop\Jatin-Portfolio\zenitsu-portfolio\node_modules\next\dist\compiled\next-server\app-page.runtime.dev.js:35:16871
    at aw (C:\Users\HP\Desktop\Jatin-Portfolio\zenitsu-portfolio\node_modules\next\dist\compiled\next-server\app-page.runtime.dev.js:35:16908) {
  digest: '3319324908'
}
TypeError: Cannot read properties of null (reading 'useContext')
    at t.useContext (C:\Users\HP\Desktop\Jatin-Portfolio\zenitsu-portfolio\node_modules\next\dist\compiled\next-server\app-page.runtime.prod.js:12:109363)
    at d (C:\Users\HP\Desktop\Jatin-Portfolio\zenitsu-portfolio\.next\server\chunks\857.js:1:23757)
    at p (C:\Users\HP\Desktop\Jatin-Portfolio\zenitsu-portfolio\.next\server\chunks\857.js:1:15692)
    at au (C:\Users\HP\Desktop\Jatin-Portfolio\zenitsu-portfolio\node_modules\next\dist\compiled\next-server\app-page.runtime.dev.js:35:10446)
    at C:\Users\HP\Desktop\Jatin-Portfolio\zenitsu-portfolio\node_modules\next\dist\compiled\next-server\app-page.runtime.dev.js:35:15122
    at aw (C:\Users\HP\Desktop\Jatin-Portfolio\zenitsu-portfolio\node_modules\next\dist\compiled\next-server\app-page.runtime.dev.js:35:16908)
    at a_ (C:\Users\HP\Desktop\Jatin-Portfolio\zenitsu-portfolio\node_modules\next\dist\compiled\next-server\app-page.runtime.dev.js:35:49776)
    at ab (C:\Users\HP\Desktop\Jatin-Portfolio\zenitsu-portfolio\node_modules\next\dist\compiled\next-server\app-page.runtime.dev.js:35:11808)
    at C:\Users\HP\Desktop\Jatin-Portfolio\zenitsu-portfolio\node_modules\next\dist\compiled\next-server\app-page.runtime.dev.js:35:16871
    at aw (C:\Users\HP\Desktop\Jatin-Portfolio\zenitsu-portfolio\node_modules\next\dist\compiled\next-server\app-page.runtime.dev.js:35:16908)

Error occurred prerendering page "/projects". Read more: https://nextjs.org/docs/messages/prerender-error

TypeError: Cannot read properties of null (reading 'useContext')
    at t.useContext (C:\Users\HP\Desktop\Jatin-Portfolio\zenitsu-portfolio\node_modules\next\dist\compiled\next-server\app-page.runtime.prod.js:12:109363)
    at d (C:\Users\HP\Desktop\Jatin-Portfolio\zenitsu-portfolio\.next\server\chunks\857.js:1:23757)
    at p (C:\Users\HP\Desktop\Jatin-Portfolio\zenitsu-portfolio\.next\server\chunks\857.js:1:15692)
    at au (C:\Users\HP\Desktop\Jatin-Portfolio\zenitsu-portfolio\node_modules\next\dist\compiled\next-server\app-page.runtime.dev.js:35:10446)
    at C:\Users\HP\Desktop\Jatin-Portfolio\zenitsu-portfolio\node_modules\next\dist\compiled\next-server\app-page.runtime.dev.js:35:15122
    at aw (C:\Users\HP\Desktop\Jatin-Portfolio\zenitsu-portfolio\node_modules\next\dist\compiled\next-server\app-page.runtime.dev.js:35:16908)
    at a_ (C:\Users\HP\Desktop\Jatin-Portfolio\zenitsu-portfolio\node_modules\next\dist\compiled\next-server\app-page.runtime.dev.js:35:49776)
    at ab (C:\Users\HP\Desktop\Jatin-Portfolio\zenitsu-portfolio\node_modules\next\dist\compiled\next-server\app-page.runtime.dev.js:35:11808)
    at C:\Users\HP\Desktop\Jatin-Portfolio\zenitsu-portfolio\node_modules\next\dist\compiled\next-server\app-page.runtime.dev.js:35:16871
    at aw (C:\Users\HP\Desktop\Jatin-Portfolio\zenitsu-portfolio\node_modules\next\dist\compiled\next-server\app-page.runtime.dev.js:35:16908)
TypeError: Cannot read properties of null (reading 'useContext')
    at t.useContext (C:\Users\HP\Desktop\Jatin-Portfolio\zenitsu-portfolio\node_modules\next\dist\compiled\next-server\app-page.runtime.prod.js:12:109363)
    at d (C:\Users\HP\Desktop\Jatin-Portfolio\zenitsu-portfolio\.next\server\chunks\857.js:1:23757)
    at p (C:\Users\HP\Desktop\Jatin-Portfolio\zenitsu-portfolio\.next\server\chunks\857.js:1:15692)
    at au (C:\Users\HP\Desktop\Jatin-Portfolio\zenitsu-portfolio\node_modules\next\dist\compiled\next-server\app-page.runtime.dev.js:35:10446)
    at C:\Users\HP\Desktop\Jatin-Portfolio\zenitsu-portfolio\node_modules\next\dist\compiled\next-server\app-page.runtime.dev.js:35:15122
    at aw (C:\Users\HP\Desktop\Jatin-Portfolio\zenitsu-portfolio\node_modules\next\dist\compiled\next-server\app-page.runtime.dev.js:35:16908)
    at a_ (C:\Users\HP\Desktop\Jatin-Portfolio\zenitsu-portfolio\node_modules\next\dist\compiled\next-server\app-page.runtime.dev.js:35:49776)
    at ab (C:\Users\HP\Desktop\Jatin-Portfolio\zenitsu-portfolio\node_modules\next\dist\compiled\next-server\app-page.runtime.dev.js:35:11808)
    at C:\Users\HP\Desktop\Jatin-Portfolio\zenitsu-portfolio\node_modules\next\dist\compiled\next-server\app-page.runtime.dev.js:35:16871
    at aw (C:\Users\HP\Desktop\Jatin-Portfolio\zenitsu-portfolio\node_modules\next\dist\compiled\next-server\app-page.runtime.dev.js:35:16908) {
  digest: '3319324908'
}
TypeError: Cannot read properties of null (reading 'useContext')
    at t.useContext (C:\Users\HP\Desktop\Jatin-Portfolio\zenitsu-portfolio\node_modules\next\dist\compiled\next-server\app-page.runtime.prod.js:12:109363)
    at d (C:\Users\HP\Desktop\Jatin-Portfolio\zenitsu-portfolio\.next\server\chunks\857.js:1:23757)
    at p (C:\Users\HP\Desktop\Jatin-Portfolio\zenitsu-portfolio\.next\server\chunks\857.js:1:15692)
    at au (C:\Users\HP\Desktop\Jatin-Portfolio\zenitsu-portfolio\node_modules\next\dist\compiled\next-server\app-page.runtime.dev.js:35:10446)
    at C:\Users\HP\Desktop\Jatin-Portfolio\zenitsu-portfolio\node_modules\next\dist\compiled\next-server\app-page.runtime.dev.js:35:15122
    at aw (C:\Users\HP\Desktop\Jatin-Portfolio\zenitsu-portfolio\node_modules\next\dist\compiled\next-server\app-page.runtime.dev.js:35:16908)
    at a_ (C:\Users\HP\Desktop\Jatin-Portfolio\zenitsu-portfolio\node_modules\next\dist\compiled\next-server\app-page.runtime.dev.js:35:49776)
    at ab (C:\Users\HP\Desktop\Jatin-Portfolio\zenitsu-portfolio\node_modules\next\dist\compiled\next-server\app-page.runtime.dev.js:35:11808)
    at C:\Users\HP\Desktop\Jatin-Portfolio\zenitsu-portfolio\node_modules\next\dist\compiled\next-server\app-page.runtime.dev.js:35:16871
    at aw (C:\Users\HP\Desktop\Jatin-Portfolio\zenitsu-portfolio\node_modules\next\dist\compiled\next-server\app-page.runtime.dev.js:35:16908)

Error occurred prerendering page "/_not-found". Read more: https://nextjs.org/docs/messages/prerender-error

TypeError: Cannot read properties of null (reading 'useContext')
    at t.useContext (C:\Users\HP\Desktop\Jatin-Portfolio\zenitsu-portfolio\node_modules\next\dist\compiled\next-server\app-page.runtime.prod.js:12:109363)
    at d (C:\Users\HP\Desktop\Jatin-Portfolio\zenitsu-portfolio\.next\server\chunks\857.js:1:23757)
    at p (C:\Users\HP\Desktop\Jatin-Portfolio\zenitsu-portfolio\.next\server\chunks\857.js:1:15692)
    at au (C:\Users\HP\Desktop\Jatin-Portfolio\zenitsu-portfolio\node_modules\next\dist\compiled\next-server\app-page.runtime.dev.js:35:10446)
    at C:\Users\HP\Desktop\Jatin-Portfolio\zenitsu-portfolio\node_modules\next\dist\compiled\next-server\app-page.runtime.dev.js:35:15122
    at aw (C:\Users\HP\Desktop\Jatin-Portfolio\zenitsu-portfolio\node_modules\next\dist\compiled\next-server\app-page.runtime.dev.js:35:16908)
    at a_ (C:\Users\HP\Desktop\Jatin-Portfolio\zenitsu-portfolio\node_modules\next\dist\compiled\next-server\app-page.runtime.dev.js:35:49776)
    at ab (C:\Users\HP\Desktop\Jatin-Portfolio\zenitsu-portfolio\node_modules\next\dist\compiled\next-server\app-page.runtime.dev.js:35:11808)
    at C:\Users\HP\Desktop\Jatin-Portfolio\zenitsu-portfolio\node_modules\next\dist\compiled\next-server\app-page.runtime.dev.js:35:16871
    at aw (C:\Users\HP\Desktop\Jatin-Portfolio\zenitsu-portfolio\node_modules\next\dist\compiled\next-server\app-page.runtime.dev.js:35:16908)
   Generating static pages (5/7) 
Error: <Html> should not be imported outside of pages/_document.
Read more: https://nextjs.org/docs/messages/no-document-import-in-page
    at Q (C:\Users\HP\Desktop\Jatin-Portfolio\zenitsu-portfolio\node_modules\next\dist\compiled\next-server\pages.runtime.prod.js:16:5430)
    at I (C:\Users\HP\Desktop\Jatin-Portfolio\zenitsu-portfolio\.next\server\chunks\161.js:6:1263)
    at renderWithHooks (C:\Users\HP\Desktop\Jatin-Portfolio\zenitsu-portfolio\node_modules\react-dom\cjs\react-dom-server.browser.development.js:5658:16)
    at renderIndeterminateComponent (C:\Users\HP\Desktop\Jatin-Portfolio\zenitsu-portfolio\node_modules\react-dom\cjs\react-dom-server.browser.development.js:5732:15)
    at renderElement (C:\Users\HP\Desktop\Jatin-Portfolio\zenitsu-portfolio\node_modules\react-dom\cjs\react-dom-server.browser.development.js:5957:7)
    at renderNodeDestructiveImpl (C:\Users\HP\Desktop\Jatin-Portfolio\zenitsu-portfolio\node_modules\react-dom\cjs\react-dom-server.browser.development.js:6115:11)
    at renderNodeDestructive (C:\Users\HP\Desktop\Jatin-Portfolio\zenitsu-portfolio\node_modules\react-dom\cjs\react-dom-server.browser.development.js:6087:14)
    at finishClassComponent (C:\Users\HP\Desktop\Jatin-Portfolio\zenitsu-portfolio\node_modules\react-dom\cjs\react-dom-server.browser.development.js:5688:3)
    at renderClassComponent (C:\Users\HP\Desktop\Jatin-Portfolio\zenitsu-portfolio\node_modules\react-dom\cjs\react-dom-server.browser.development.js:5696:3)
    at renderElement (C:\Users\HP\Desktop\Jatin-Portfolio\zenitsu-portfolio\node_modules\react-dom\cjs\react-dom-server.browser.development.js:5954:7)

Error occurred prerendering page "/404". Read more: https://nextjs.org/docs/messages/prerender-error

Error: <Html> should not be imported outside of pages/_document.
Read more: https://nextjs.org/docs/messages/no-document-import-in-page
    at Q (C:\Users\HP\Desktop\Jatin-Portfolio\zenitsu-portfolio\node_modules\next\dist\compiled\next-server\pages.runtime.prod.js:16:5430)
    at I (C:\Users\HP\Desktop\Jatin-Portfolio\zenitsu-portfolio\.next\server\chunks\161.js:6:1263)
    at renderWithHooks (C:\Users\HP\Desktop\Jatin-Portfolio\zenitsu-portfolio\node_modules\react-dom\cjs\react-dom-server.browser.development.js:5658:16)
    at renderIndeterminateComponent (C:\Users\HP\Desktop\Jatin-Portfolio\zenitsu-portfolio\node_modules\react-dom\cjs\react-dom-server.browser.development.js:5732:15)
    at renderElement (C:\Users\HP\Desktop\Jatin-Portfolio\zenitsu-portfolio\node_modules\react-dom\cjs\react-dom-server.browser.development.js:5957:7)
    at renderNodeDestructiveImpl (C:\Users\HP\Desktop\Jatin-Portfolio\zenitsu-portfolio\node_modules\react-dom\cjs\react-dom-server.browser.development.js:6115:11)
    at renderNodeDestructive (C:\Users\HP\Desktop\Jatin-Portfolio\zenitsu-portfolio\node_modules\react-dom\cjs\react-dom-server.browser.development.js:6087:14)
    at finishClassComponent (C:\Users\HP\Desktop\Jatin-Portfolio\zenitsu-portfolio\node_modules\react-dom\cjs\react-dom-server.browser.development.js:5688:3)
    at renderClassComponent (C:\Users\HP\Desktop\Jatin-Portfolio\zenitsu-portfolio\node_modules\react-dom\cjs\react-dom-server.browser.development.js:5696:3)
    at renderElement (C:\Users\HP\Desktop\Jatin-Portfolio\zenitsu-portfolio\node_modules\react-dom\cjs\react-dom-server.browser.development.js:5954:7)
 ✓ Generating static pages (7/7)

> Export encountered errors on following paths:
	/_error: /404
	/_error: /500
	/_not-found/page: /_not-found
	/contact/page: /contact
	/page: /
	/projects/page: /projects
